# JRE version: Java(TM) SE Runtime Environment (8.0_172-b11) (build 1.8.0_172-b11)
# Java VM: Java HotSpot(TM) 64-Bit Server VM (25.172-b11 mixed mode windows-amd64 compressed oops)
Heap:
 PSYoungGen      total 162816K, used 86570K [0x00000000d5b00000, 0x00000000e1000000, 0x0000000100000000)
  eden space 153088K, 50% used [0x00000000d5b00000,0x00000000da67ae28,0x00000000df080000)
  from space 9728K, 95% used [0x00000000e0680000,0x00000000e0f8fd78,0x00000000e1000000)
  to   space 13312K, 0% used [0x00000000df600000,0x00000000df600000,0x00000000e0300000)
 ParOldGen       total 90624K, used 18699K [0x0000000081000000, 0x0000000086880000, 0x00000000d5b00000)
  object space 90624K, 20% used [0x0000000081000000,0x0000000082242dd0,0x0000000086880000)
 Metaspace       used 46505K, capacity 48554K, committed 48728K, reserved 1091584K
  class space    used 5756K, capacity 6131K, committed 6232K, reserved 1048576K
GC Heap History (10 events):
Event: 14.066 GC heap before
{Heap before GC invocations=6 (full 1):
 PSYoungGen      total 71680K, used 66560K [0x00000000d5b00000, 0x00000000da600000, 0x0000000100000000)
  eden space 66560K, 100% used [0x00000000d5b00000,0x00000000d9c00000,0x00000000d9c00000)
  from space 5120K, 0% used [0x00000000da100000,0x00000000da100000,0x00000000da600000)
  to   space 5120K, 0% used [0x00000000d9c00000,0x00000000d9c00000,0x00000000da100000)
 ParOldGen       total 55808K, used 7000K [0x0000000081000000, 0x0000000084680000, 0x00000000d5b00000)
  object space 55808K, 12% used [0x0000000081000000,0x00000000816d63d0,0x0000000084680000)
 Metaspace       used 24770K, capacity 25604K, committed 25728K, reserved 1071104K
  class space    used 3143K, capacity 3353K, committed 3456K, reserved 1048576K
Event: 14.112 GC heap after
Heap after GC invocations=6 (full 1):
 PSYoungGen      total 71680K, used 5091K [0x00000000d5b00000, 0x00000000dd600000, 0x0000000100000000)
  eden space 66560K, 0% used [0x00000000d5b00000,0x00000000d5b00000,0x00000000d9c00000)
  from space 5120K, 99% used [0x00000000d9c00000,0x00000000da0f8f48,0x00000000da100000)
  to   space 9216K, 0% used [0x00000000dcd00000,0x00000000dcd00000,0x00000000dd600000)
 ParOldGen       total 55808K, used 7478K [0x0000000081000000, 0x0000000084680000, 0x00000000d5b00000)
  object space 55808K, 13% used [0x0000000081000000,0x000000008174d948,0x0000000084680000)
 Metaspace       used 24770K, capacity 25604K, committed 25728K, reserved 1071104K
  class space    used 3143K, capacity 3353K, committed 3456K, reserved 1048576K
}
Event: 20.143 GC heap before
{Heap before GC invocations=7 (full 1):
 PSYoungGen      total 71680K, used 71651K [0x00000000d5b00000, 0x00000000dd600000, 0x0000000100000000)
  eden space 66560K, 100% used [0x00000000d5b00000,0x00000000d9c00000,0x00000000d9c00000)
  from space 5120K, 99% used [0x00000000d9c00000,0x00000000da0f8f48,0x00000000da100000)
  to   space 9216K, 0% used [0x00000000dcd00000,0x00000000dcd00000,0x00000000dd600000)
 ParOldGen       total 55808K, used 7478K [0x0000000081000000, 0x0000000084680000, 0x00000000d5b00000)
  object space 55808K, 13% used [0x0000000081000000,0x000000008174d948,0x0000000084680000)
 Metaspace       used 29641K, capacity 31030K, committed 31360K, reserved 1077248K
  class space    used 3797K, capacity 4119K, committed 4224K, reserved 1048576K
Event: 20.201 GC heap after
Heap after GC invocations=7 (full 1):
 PSYoungGen      total 113664K, used 9195K [0x00000000d5b00000, 0x00000000dd600000, 0x0000000100000000)
  eden space 104448K, 0% used [0x00000000d5b00000,0x00000000d5b00000,0x00000000dc100000)
  from space 9216K, 99% used [0x00000000dcd00000,0x00000000dd5fac18,0x00000000dd600000)
  to   space 10240K, 0% used [0x00000000dc200000,0x00000000dc200000,0x00000000dcc00000)
 ParOldGen       total 55808K, used 7486K [0x0000000081000000, 0x0000000084680000, 0x00000000d5b00000)
  object space 55808K, 13% used [0x0000000081000000,0x000000008174f948,0x0000000084680000)
 Metaspace       used 29641K, capacity 31030K, committed 31360K, reserved 1077248K
  class space    used 3797K, capacity 4119K, committed 4224K, reserved 1048576K
}
Event: 23.978 GC heap before
{Heap before GC invocations=8 (full 1):
 PSYoungGen      total 113664K, used 58527K [0x00000000d5b00000, 0x00000000dd600000, 0x0000000100000000)
  eden space 104448K, 47% used [0x00000000d5b00000,0x00000000d8b2d0f8,0x00000000dc100000)
  from space 9216K, 99% used [0x00000000dcd00000,0x00000000dd5fac18,0x00000000dd600000)
  to   space 10240K, 0% used [0x00000000dc200000,0x00000000dc200000,0x00000000dcc00000)
 ParOldGen       total 55808K, used 7486K [0x0000000081000000, 0x0000000084680000, 0x00000000d5b00000)
  object space 55808K, 13% used [0x0000000081000000,0x000000008174f948,0x0000000084680000)
 Metaspace       used 33905K, capacity 35332K, committed 35416K, reserved 1079296K
  class space    used 4338K, capacity 4656K, committed 4696K, reserved 1048576K
Event: 24.040 GC heap after
Heap after GC invocations=8 (full 1):
 PSYoungGen      total 115712K, used 10232K [0x00000000d5b00000, 0x00000000e1380000, 0x0000000100000000)
  eden space 105472K, 0% used [0x00000000d5b00000,0x00000000d5b00000,0x00000000dc200000)
  from space 10240K, 99% used [0x00000000dc200000,0x00000000dcbfe330,0x00000000dcc00000)
  to   space 13312K, 0% used [0x00000000e0680000,0x00000000e0680000,0x00000000e1380000)
 ParOldGen       total 55808K, used 11532K [0x0000000081000000, 0x0000000084680000, 0x00000000d5b00000)
  object space 55808K, 20% used [0x0000000081000000,0x0000000081b43110,0x0000000084680000)
 Metaspace       used 33905K, capacity 35332K, committed 35416K, reserved 1079296K
  class space    used 4338K, capacity 4656K, committed 4696K, reserved 1048576K
}
Event: 24.040 GC heap before
{Heap before GC invocations=9 (full 2):
 PSYoungGen      total 115712K, used 10232K [0x00000000d5b00000, 0x00000000e1380000, 0x0000000100000000)
  eden space 105472K, 0% used [0x00000000d5b00000,0x00000000d5b00000,0x00000000dc200000)
  from space 10240K, 99% used [0x00000000dc200000,0x00000000dcbfe330,0x00000000dcc00000)
  to   space 13312K, 0% used [0x00000000e0680000,0x00000000e0680000,0x00000000e1380000)
 ParOldGen       total 55808K, used 11532K [0x0000000081000000, 0x0000000084680000, 0x00000000d5b00000)
  object space 55808K, 20% used [0x0000000081000000,0x0000000081b43110,0x0000000084680000)
 Metaspace       used 33905K, capacity 35332K, committed 35416K, reserved 1079296K
  class space    used 4338K, capacity 4656K, committed 4696K, reserved 1048576K
Event: 24.345 GC heap after
Heap after GC invocations=9 (full 2):
 PSYoungGen      total 115712K, used 0K [0x00000000d5b00000, 0x00000000e1380000, 0x0000000100000000)
  eden space 105472K, 0% used [0x00000000d5b00000,0x00000000d5b00000,0x00000000dc200000)
  from space 10240K, 0% used [0x00000000dc200000,0x00000000dc200000,0x00000000dcc00000)
  to   space 13312K, 0% used [0x00000000e0680000,0x00000000e0680000,0x00000000e1380000)
 ParOldGen       total 90624K, used 18691K [0x0000000081000000, 0x0000000086880000, 0x00000000d5b00000)
  object space 90624K, 20% used [0x0000000081000000,0x0000000082240dd0,0x0000000086880000)
 Metaspace       used 33905K, capacity 35332K, committed 35416K, reserved 1079296K
  class space    used 4338K, capacity 4656K, committed 4696K, reserved 1048576K
}
Event: 75.254 GC heap before
{Heap before GC invocations=10 (full 2):
 PSYoungGen      total 115712K, used 105472K [0x00000000d5b00000, 0x00000000e1380000, 0x0000000100000000)
  eden space 105472K, 100% used [0x00000000d5b00000,0x00000000dc200000,0x00000000dc200000)
  from space 10240K, 0% used [0x00000000dc200000,0x00000000dc200000,0x00000000dcc00000)
  to   space 13312K, 0% used [0x00000000e0680000,0x00000000e0680000,0x00000000e1380000)
 ParOldGen       total 90624K, used 18691K [0x0000000081000000, 0x0000000086880000, 0x00000000d5b00000)
  object space 90624K, 20% used [0x0000000081000000,0x0000000082240dd0,0x0000000086880000)
 Metaspace       used 42982K, capacity 44954K, committed 45016K, reserved 1089536K
  class space    used 5458K, capacity 5835K, committed 5848K, reserved 1048576K
Event: 75.299 GC heap after
Heap after GC invocations=10 (full 2):
 PSYoungGen      total 162816K, used 9279K [0x00000000d5b00000, 0x00000000e1000000, 0x0000000100000000)
  eden space 153088K, 0% used [0x00000000d5b00000,0x00000000d5b00000,0x00000000df080000)
  from space 9728K, 95% used [0x00000000e0680000,0x00000000e0f8fd78,0x00000000e1000000)
  to   space 13312K, 0% used [0x00000000df600000,0x00000000df600000,0x00000000e0300000)
 ParOldGen       total 90624K, used 18699K [0x0000000081000000, 0x0000000086880000, 0x00000000d5b00000)
  object space 90624K, 20% used [0x0000000081000000,0x0000000082242dd0,0x0000000086880000)
 Metaspace       used 42982K, capacity 44954K, committed 45016K, reserved 1089536K
  class space    used 5458K, capacity 5835K, committed 5848K, reserved 1048576K
}

