# JRE version: Java(TM) SE Runtime Environment (8.0_172-b11) (build 1.8.0_172-b11)
# Java VM: Java HotSpot(TM) 64-Bit Server VM (25.172-b11 mixed mode windows-amd64 compressed oops)
Heap:
 PSYoungGen      total 282624K, used 5107K [0x00000000d5b00000, 0x00000000e7e00000, 0x0000000100000000)
  eden space 268800K, 1% used [0x00000000d5b00000,0x00000000d5ffced0,0x00000000e6180000)
  from space 13824K, 0% used [0x00000000e6f80000,0x00000000e6f80000,0x00000000e7d00000)
  to   space 14336K, 0% used [0x00000000e6180000,0x00000000e6180000,0x00000000e6f80000)
 ParOldGen       total 78848K, used 19557K [0x0000000081000000, 0x0000000085d00000, 0x00000000d5b00000)
  object space 78848K, 24% used [0x0000000081000000,0x0000000082319568,0x0000000085d00000)
 Metaspace       used 43388K, capacity 45584K, committed 45872K, reserved 1089536K
  class space    used 5455K, capacity 5890K, committed 5936K, reserved 1048576K
GC Heap History (10 events):
Event: 8.183 GC heap before
{Heap before GC invocations=10 (full 2):
 PSYoungGen      total 202752K, used 9233K [0x00000000d5b00000, 0x00000000e5300000, 0x0000000100000000)
  eden space 188928K, 0% used [0x00000000d5b00000,0x00000000d5b00000,0x00000000e1380000)
  from space 13824K, 66% used [0x00000000e2100000,0x00000000e2a047f8,0x00000000e2e80000)
  to   space 13824K, 0% used [0x00000000e1380000,0x00000000e1380000,0x00000000e2100000)
 ParOldGen       total 51200K, used 13788K [0x0000000081000000, 0x0000000084200000, 0x00000000d5b00000)
  object space 51200K, 26% used [0x0000000081000000,0x0000000081d77230,0x0000000084200000)
 Metaspace       used 34409K, capacity 35842K, committed 36016K, reserved 1081344K
  class space    used 4399K, capacity 4699K, committed 4784K, reserved 1048576K
Event: 8.326 GC heap after
Heap after GC invocations=10 (full 2):
 PSYoungGen      total 202752K, used 0K [0x00000000d5b00000, 0x00000000e5300000, 0x0000000100000000)
  eden space 188928K, 0% used [0x00000000d5b00000,0x00000000d5b00000,0x00000000e1380000)
  from space 13824K, 0% used [0x00000000e2100000,0x00000000e2100000,0x00000000e2e80000)
  to   space 13824K, 0% used [0x00000000e1380000,0x00000000e1380000,0x00000000e2100000)
 ParOldGen       total 78848K, used 17146K [0x0000000081000000, 0x0000000085d00000, 0x00000000d5b00000)
  object space 78848K, 21% used [0x0000000081000000,0x00000000820beaf0,0x0000000085d00000)
 Metaspace       used 34409K, capacity 35842K, committed 36016K, reserved 1081344K
  class space    used 4399K, capacity 4699K, committed 4784K, reserved 1048576K
}
Event: 29.507 GC heap before
{Heap before GC invocations=11 (full 2):
 PSYoungGen      total 202752K, used 128555K [0x00000000d5b00000, 0x00000000e5300000, 0x0000000100000000)
  eden space 188928K, 68% used [0x00000000d5b00000,0x00000000dd88afd8,0x00000000e1380000)
  from space 13824K, 0% used [0x00000000e2100000,0x00000000e2100000,0x00000000e2e80000)
  to   space 13824K, 0% used [0x00000000e1380000,0x00000000e1380000,0x00000000e2100000)
 ParOldGen       total 78848K, used 17146K [0x0000000081000000, 0x0000000085d00000, 0x00000000d5b00000)
  object space 78848K, 21% used [0x0000000081000000,0x00000000820beaf0,0x0000000085d00000)
 Metaspace       used 42823K, capacity 44814K, committed 45104K, reserved 1089536K
  class space    used 5421K, capacity 5818K, committed 5936K, reserved 1048576K
Event: 29.536 GC heap after
Heap after GC invocations=11 (full 2):
 PSYoungGen      total 202752K, used 9684K [0x00000000d5b00000, 0x00000000e7d00000, 0x0000000100000000)
  eden space 188928K, 0% used [0x00000000d5b00000,0x00000000d5b00000,0x00000000e1380000)
  from space 13824K, 70% used [0x00000000e1380000,0x00000000e1cf53c8,0x00000000e2100000)
  to   space 13824K, 0% used [0x00000000e6f80000,0x00000000e6f80000,0x00000000e7d00000)
 ParOldGen       total 78848K, used 17154K [0x0000000081000000, 0x0000000085d00000, 0x00000000d5b00000)
  object space 78848K, 21% used [0x0000000081000000,0x00000000820c0af0,0x0000000085d00000)
 Metaspace       used 42823K, capacity 44814K, committed 45104K, reserved 1089536K
  class space    used 5421K, capacity 5818K, committed 5936K, reserved 1048576K
}
Event: 29.536 GC heap before
{Heap before GC invocations=12 (full 3):
 PSYoungGen      total 202752K, used 9684K [0x00000000d5b00000, 0x00000000e7d00000, 0x0000000100000000)
  eden space 188928K, 0% used [0x00000000d5b00000,0x00000000d5b00000,0x00000000e1380000)
  from space 13824K, 70% used [0x00000000e1380000,0x00000000e1cf53c8,0x00000000e2100000)
  to   space 13824K, 0% used [0x00000000e6f80000,0x00000000e6f80000,0x00000000e7d00000)
 ParOldGen       total 78848K, used 17154K [0x0000000081000000, 0x0000000085d00000, 0x00000000d5b00000)
  object space 78848K, 21% used [0x0000000081000000,0x00000000820c0af0,0x0000000085d00000)
 Metaspace       used 42823K, capacity 44814K, committed 45104K, reserved 1089536K
  class space    used 5421K, capacity 5818K, committed 5936K, reserved 1048576K
Event: 29.775 GC heap after
Heap after GC invocations=12 (full 3):
 PSYoungGen      total 202752K, used 0K [0x00000000d5b00000, 0x00000000e7d00000, 0x0000000100000000)
  eden space 188928K, 0% used [0x00000000d5b00000,0x00000000d5b00000,0x00000000e1380000)
  from space 13824K, 0% used [0x00000000e1380000,0x00000000e1380000,0x00000000e2100000)
  to   space 13824K, 0% used [0x00000000e6f80000,0x00000000e6f80000,0x00000000e7d00000)
 ParOldGen       total 78848K, used 23424K [0x0000000081000000, 0x0000000085d00000, 0x00000000d5b00000)
  object space 78848K, 29% used [0x0000000081000000,0x00000000826e01f8,0x0000000085d00000)
 Metaspace       used 42823K, capacity 44814K, committed 45104K, reserved 1089536K
  class space    used 5421K, capacity 5818K, committed 5936K, reserved 1048576K
}
Event: 103.785 GC heap before
{Heap before GC invocations=13 (full 3):
 PSYoungGen      total 202752K, used 118001K [0x00000000d5b00000, 0x00000000e7d00000, 0x0000000100000000)
  eden space 188928K, 62% used [0x00000000d5b00000,0x00000000dce3c480,0x00000000e1380000)
  from space 13824K, 0% used [0x00000000e1380000,0x00000000e1380000,0x00000000e2100000)
  to   space 13824K, 0% used [0x00000000e6f80000,0x00000000e6f80000,0x00000000e7d00000)
 ParOldGen       total 78848K, used 23424K [0x0000000081000000, 0x0000000085d00000, 0x00000000d5b00000)
  object space 78848K, 29% used [0x0000000081000000,0x00000000826e01f8,0x0000000085d00000)
 Metaspace       used 43389K, capacity 45584K, committed 45872K, reserved 1089536K
  class space    used 5455K, capacity 5890K, committed 5936K, reserved 1048576K
Event: 103.796 GC heap after
Heap after GC invocations=13 (full 3):
 PSYoungGen      total 282624K, used 3632K [0x00000000d5b00000, 0x00000000e7e00000, 0x0000000100000000)
  eden space 268800K, 0% used [0x00000000d5b00000,0x00000000d5b00000,0x00000000e6180000)
  from space 13824K, 26% used [0x00000000e6f80000,0x00000000e730c298,0x00000000e7d00000)
  to   space 14336K, 0% used [0x00000000e6180000,0x00000000e6180000,0x00000000e6f80000)
 ParOldGen       total 78848K, used 23432K [0x0000000081000000, 0x0000000085d00000, 0x00000000d5b00000)
  object space 78848K, 29% used [0x0000000081000000,0x00000000826e21f8,0x0000000085d00000)
 Metaspace       used 43389K, capacity 45584K, committed 45872K, reserved 1089536K
  class space    used 5455K, capacity 5890K, committed 5936K, reserved 1048576K
}
Event: 103.796 GC heap before
{Heap before GC invocations=14 (full 4):
 PSYoungGen      total 282624K, used 3632K [0x00000000d5b00000, 0x00000000e7e00000, 0x0000000100000000)
  eden space 268800K, 0% used [0x00000000d5b00000,0x00000000d5b00000,0x00000000e6180000)
  from space 13824K, 26% used [0x00000000e6f80000,0x00000000e730c298,0x00000000e7d00000)
  to   space 14336K, 0% used [0x00000000e6180000,0x00000000e6180000,0x00000000e6f80000)
 ParOldGen       total 78848K, used 23432K [0x0000000081000000, 0x0000000085d00000, 0x00000000d5b00000)
  object space 78848K, 29% used [0x0000000081000000,0x00000000826e21f8,0x0000000085d00000)
 Metaspace       used 43389K, capacity 45584K, committed 45872K, reserved 1089536K
  class space    used 5455K, capacity 5890K, committed 5936K, reserved 1048576K
Event: 104.019 GC heap after
Heap after GC invocations=14 (full 4):
 PSYoungGen      total 282624K, used 0K [0x00000000d5b00000, 0x00000000e7e00000, 0x0000000100000000)
  eden space 268800K, 0% used [0x00000000d5b00000,0x00000000d5b00000,0x00000000e6180000)
  from space 13824K, 0% used [0x00000000e6f80000,0x00000000e6f80000,0x00000000e7d00000)
  to   space 14336K, 0% used [0x00000000e6180000,0x00000000e6180000,0x00000000e6f80000)
 ParOldGen       total 78848K, used 19557K [0x0000000081000000, 0x0000000085d00000, 0x00000000d5b00000)
  object space 78848K, 24% used [0x0000000081000000,0x0000000082319568,0x0000000085d00000)
 Metaspace       used 43386K, capacity 45578K, committed 45872K, reserved 1089536K
  class space    used 5454K, capacity 5888K, committed 5936K, reserved 1048576K
}

